  DH_server.cpp
d:\homework\cryptography\exp7\dh_key_chat\dh_service\dh_server.cpp(44): warning C4267: “初始化”: 从“size_t”转换到“int”，可能丢失数据
  BigInt.cpp
d:\homework\cryptography\exp7\dh_key_chat\dh_service\lib\bigint\bigint.cpp(36): warning C4267: “初始化”: 从“size_t”转换到“int”，可能丢失数据
d:\homework\cryptography\exp7\dh_key_chat\dh_service\lib\bigint\bigint.cpp(93): warning C4267: “初始化”: 从“size_t”转换到“int”，可能丢失数据
d:\homework\cryptography\exp7\dh_key_chat\dh_service\lib\bigint\bigint.cpp(220): warning C4267: “初始化”: 从“size_t”转换到“int”，可能丢失数据
d:\homework\cryptography\exp7\dh_key_chat\dh_service\lib\bigint\bigint.cpp(264): warning C4267: “初始化”: 从“size_t”转换到“int”，可能丢失数据
d:\homework\cryptography\exp7\dh_key_chat\dh_service\lib\bigint\bigint.cpp(295): warning C4018: “<”: 有符号/无符号不匹配
d:\homework\cryptography\exp7\dh_key_chat\dh_service\lib\bigint\bigint.cpp(321): warning C4267: “初始化”: 从“size_t”转换到“int”，可能丢失数据
d:\homework\cryptography\exp7\dh_key_chat\dh_service\lib\bigint\bigint.cpp(368): warning C4267: “初始化”: 从“size_t”转换到“int”，可能丢失数据
  Service_run.cpp
d:\homework\cryptography\exp7\dh_key_chat\dh_service\service_run.cpp(95): warning C4018: “<=”: 有符号/无符号不匹配
d:\homework\cryptography\exp7\dh_key_chat\dh_service\service_run.cpp(117): warning C4018: “<=”: 有符号/无符号不匹配
d:\homework\cryptography\exp7\dh_key_chat\dh_service\service_run.cpp(145): warning C4018: “<=”: 有符号/无符号不匹配
d:\homework\cryptography\exp7\dh_key_chat\dh_service\service_run.cpp(45): error C4996: 'sprintf': This function or variable may be unsafe. Consider using sprintf_s instead. To disable deprecation, use _CRT_SECURE_NO_WARNINGS. See online help for details.
  c:\program files (x86)\windows kits\10\include\10.0.17763.0\ucrt\stdio.h(1774): note: 参见“sprintf”的声明
d:\homework\cryptography\exp7\dh_key_chat\dh_service\service_run.cpp(50): error C4996: 'ctime': This function or variable may be unsafe. Consider using ctime_s instead. To disable deprecation, use _CRT_SECURE_NO_WARNINGS. See online help for details.
  c:\program files (x86)\windows kits\10\include\10.0.17763.0\ucrt\time.h(476): note: 参见“ctime”的声明
d:\homework\cryptography\exp7\dh_key_chat\dh_service\service_run.cpp(70): error C4996: 'sprintf': This function or variable may be unsafe. Consider using sprintf_s instead. To disable deprecation, use _CRT_SECURE_NO_WARNINGS. See online help for details.
  c:\program files (x86)\windows kits\10\include\10.0.17763.0\ucrt\stdio.h(1774): note: 参见“sprintf”的声明
d:\homework\cryptography\exp7\dh_key_chat\dh_service\service_run.cpp(77): error C4996: 'sprintf': This function or variable may be unsafe. Consider using sprintf_s instead. To disable deprecation, use _CRT_SECURE_NO_WARNINGS. See online help for details.
  c:\program files (x86)\windows kits\10\include\10.0.17763.0\ucrt\stdio.h(1774): note: 参见“sprintf”的声明
d:\homework\cryptography\exp7\dh_key_chat\dh_service\service_run.cpp(90): error C4996: 'sprintf': This function or variable may be unsafe. Consider using sprintf_s instead. To disable deprecation, use _CRT_SECURE_NO_WARNINGS. See online help for details.
  c:\program files (x86)\windows kits\10\include\10.0.17763.0\ucrt\stdio.h(1774): note: 参见“sprintf”的声明
d:\homework\cryptography\exp7\dh_key_chat\dh_service\service_run.cpp(107): error C4996: 'ctime': This function or variable may be unsafe. Consider using ctime_s instead. To disable deprecation, use _CRT_SECURE_NO_WARNINGS. See online help for details.
  c:\program files (x86)\windows kits\10\include\10.0.17763.0\ucrt\time.h(476): note: 参见“ctime”的声明
d:\homework\cryptography\exp7\dh_key_chat\dh_service\service_run.cpp(109): error C4996: 'sprintf': This function or variable may be unsafe. Consider using sprintf_s instead. To disable deprecation, use _CRT_SECURE_NO_WARNINGS. See online help for details.
  c:\program files (x86)\windows kits\10\include\10.0.17763.0\ucrt\stdio.h(1774): note: 参见“sprintf”的声明
d:\homework\cryptography\exp7\dh_key_chat\dh_service\service_run.cpp(130): error C4996: 'ctime': This function or variable may be unsafe. Consider using ctime_s instead. To disable deprecation, use _CRT_SECURE_NO_WARNINGS. See online help for details.
  c:\program files (x86)\windows kits\10\include\10.0.17763.0\ucrt\time.h(476): note: 参见“ctime”的声明
d:\homework\cryptography\exp7\dh_key_chat\dh_service\service_run.cpp(132): error C4996: 'sprintf': This function or variable may be unsafe. Consider using sprintf_s instead. To disable deprecation, use _CRT_SECURE_NO_WARNINGS. See online help for details.
  c:\program files (x86)\windows kits\10\include\10.0.17763.0\ucrt\stdio.h(1774): note: 参见“sprintf”的声明
d:\homework\cryptography\exp7\dh_key_chat\dh_service\service_run.cpp(136): error C4996: 'inet_ntoa': Use inet_ntop() or InetNtop() instead or define _WINSOCK_DEPRECATED_NO_WARNINGS to disable deprecated API warnings
  c:\program files (x86)\windows kits\10\include\10.0.17763.0\um\winsock2.h(1849): note: 参见“inet_ntoa”的声明
d:\homework\cryptography\exp7\dh_key_chat\dh_service\service_run.cpp(85): warning C4101: “buf1”: 未引用的局部变量
d:\homework\cryptography\exp7\dh_key_chat\dh_service\service_run.cpp(185): error C4996: 'ctime': This function or variable may be unsafe. Consider using ctime_s instead. To disable deprecation, use _CRT_SECURE_NO_WARNINGS. See online help for details.
  c:\program files (x86)\windows kits\10\include\10.0.17763.0\ucrt\time.h(476): note: 参见“ctime”的声明
  正在生成代码...
